<?xml version="1.0" ?><testsuite name="utils.HitTest" time="0.007" timestamp="2023-05-16T12:27:16" tests="7" failures="0" skipped="0" aborted="0"><properties>
[...]
</properties><testcase classname="utils.HitTest" name="fourthQuarterMiss()" time="0.002"></testcase><testcase classname="utils.HitTest" name="thirdQuarterHit()" time="0.001"></testcase><testcase classname="utils.HitTest" name="secondQuarterHit()" time="0.0"></testcase><testcase classname="utils.HitTest" name="firstQuarterHit()" time="0.0"></testcase><testcase classname="utils.HitTest" name="secondQuarterMiss()" time="0.0"></testcase><testcase classname="utils.HitTest" name="firstQuarterMiss()" time="0.0"></testcase><testcase classname="utils.HitTest" name="thirdQuarterMiss()" time="0.0"></testcase></testsuite>