<?xml version="1.0" encoding="UTF-8" ?>
<testsuites>
  <testsuite aborted="0" failures="0" id="0" name="ClockBeanTest" package="beans" skipped="0" tests="3" time="2.093" timestamp="2023-05-16T12:27:16">
    <properties>
[...]
</properties>
    <testcase classname="beans.ClockBeanTest" name="clockBeanWithoutUpdate()" time="0.02" />
    <testcase classname="beans.ClockBeanTest" name="clockBeanWithUpdateTrue()" time="1.004" />
    <testcase classname="beans.ClockBeanTest" name="clockBeanWithUpdateFalse()" time="1.011" />
  </testsuite>
  <testsuite aborted="0" failures="0" id="1" name="HitTest" package="utils" skipped="0" tests="7" time="0.007" timestamp="2023-05-16T12:27:16">
    <properties>
[...]
</properties>
    <testcase classname="utils.HitTest" name="fourthQuarterMiss()" time="0.002" />
    <testcase classname="utils.HitTest" name="thirdQuarterHit()" time="0.001" />
    <testcase classname="utils.HitTest" name="secondQuarterHit()" time="0.0" />
    <testcase classname="utils.HitTest" name="firstQuarterHit()" time="0.0" />
    <testcase classname="utils.HitTest" name="secondQuarterMiss()" time="0.0" />
    <testcase classname="utils.HitTest" name="firstQuarterMiss()" time="0.0" />
    <testcase classname="utils.HitTest" name="thirdQuarterMiss()" time="0.0" />
  </testsuite>
</testsuites>
